2017-11-23 23:43:19.675  INFO 4084 --- [main] com.omnia.admin.AdminApplication         : Starting AdminApplication on DESKTOP-N108KCD with PID 4084 (C:\Idea\admin-panel\target\classes started by Bohdan in C:\Idea\admin-panel)
2017-11-23 23:43:19.682  INFO 4084 --- [main] com.omnia.admin.AdminApplication         : No active profile set, falling back to default profiles: default
2017-11-23 23:43:20.216  INFO 4084 --- [main] ationConfigEmbeddedWebApplicationContext : Refreshing org.springframework.boot.context.embedded.AnnotationConfigEmbeddedWebApplicationContext@42b3b079: startup date [Thu Nov 23 23:43:20 EET 2017]; root of context hierarchy
2017-11-23 23:43:22.719  INFO 4084 --- [main] trationDelegate$BeanPostProcessorChecker : Bean 'org.springframework.transaction.annotation.ProxyTransactionManagementConfiguration' of type [org.springframework.transaction.annotation.ProxyTransactionManagementConfiguration$$EnhancerBySpringCGLIB$$7fcca4de] is not eligible for getting processed by all BeanPostProcessors (for example: not eligible for auto-proxying)
2017-11-23 23:43:22.818  INFO 4084 --- [main] trationDelegate$BeanPostProcessorChecker : Bean 'org.springframework.security.config.annotation.configuration.ObjectPostProcessorConfiguration' of type [org.springframework.security.config.annotation.configuration.ObjectPostProcessorConfiguration$$EnhancerBySpringCGLIB$$187a6d18] is not eligible for getting processed by all BeanPostProcessors (for example: not eligible for auto-proxying)
2017-11-23 23:43:22.835  INFO 4084 --- [main] trationDelegate$BeanPostProcessorChecker : Bean 'objectPostProcessor' of type [org.springframework.security.config.annotation.configuration.AutowireBeanFactoryObjectPostProcessor] is not eligible for getting processed by all BeanPostProcessors (for example: not eligible for auto-proxying)
2017-11-23 23:43:22.840  INFO 4084 --- [main] trationDelegate$BeanPostProcessorChecker : Bean 'org.springframework.security.access.expression.method.DefaultMethodSecurityExpressionHandler@5e13f156' of type [org.springframework.security.access.expression.method.DefaultMethodSecurityExpressionHandler] is not eligible for getting processed by all BeanPostProcessors (for example: not eligible for auto-proxying)
2017-11-23 23:43:22.850  INFO 4084 --- [main] trationDelegate$BeanPostProcessorChecker : Bean 'org.springframework.security.config.annotation.method.configuration.GlobalMethodSecurityConfiguration' of type [org.springframework.security.config.annotation.method.configuration.GlobalMethodSecurityConfiguration$$EnhancerBySpringCGLIB$$3d4f0fca] is not eligible for getting processed by all BeanPostProcessors (for example: not eligible for auto-proxying)
2017-11-23 23:43:22.871  INFO 4084 --- [main] trationDelegate$BeanPostProcessorChecker : Bean 'methodSecurityMetadataSource' of type [org.springframework.security.access.method.DelegatingMethodSecurityMetadataSource] is not eligible for getting processed by all BeanPostProcessors (for example: not eligible for auto-proxying)
2017-11-23 23:43:23.456  INFO 4084 --- [main] s.b.c.e.t.TomcatEmbeddedServletContainer : Tomcat initialized with port(s): 8080 (http)
2017-11-23 23:43:23.473  INFO 4084 --- [main] o.apache.catalina.core.StandardService   : Starting service [Tomcat]
2017-11-23 23:43:23.474  INFO 4084 --- [main] org.apache.catalina.core.StandardEngine  : Starting Servlet Engine: Apache Tomcat/8.5.20
2017-11-23 23:43:23.604  INFO 4084 --- [localhost-startStop-1] o.a.c.c.C.[Tomcat].[localhost].[/]       : Initializing Spring embedded WebApplicationContext
2017-11-23 23:43:23.604  INFO 4084 --- [localhost-startStop-1] o.s.web.context.ContextLoader            : Root WebApplicationContext: initialization completed in 3395 ms
2017-11-23 23:43:24.150  INFO 4084 --- [localhost-startStop-1] o.s.b.w.servlet.FilterRegistrationBean   : Mapping filter: 'metricsFilter' to: [/*]
2017-11-23 23:43:24.151  INFO 4084 --- [localhost-startStop-1] o.s.b.w.servlet.FilterRegistrationBean   : Mapping filter: 'characterEncodingFilter' to: [/*]
2017-11-23 23:43:24.153  INFO 4084 --- [localhost-startStop-1] o.s.b.w.servlet.FilterRegistrationBean   : Mapping filter: 'hiddenHttpMethodFilter' to: [/*]
2017-11-23 23:43:24.154  INFO 4084 --- [localhost-startStop-1] o.s.b.w.servlet.FilterRegistrationBean   : Mapping filter: 'httpPutFormContentFilter' to: [/*]
2017-11-23 23:43:24.154  INFO 4084 --- [localhost-startStop-1] o.s.b.w.servlet.FilterRegistrationBean   : Mapping filter: 'requestContextFilter' to: [/*]
2017-11-23 23:43:24.155  INFO 4084 --- [localhost-startStop-1] .s.DelegatingFilterProxyRegistrationBean : Mapping filter: 'springSecurityFilterChain' to: [/*]
2017-11-23 23:43:24.157  INFO 4084 --- [localhost-startStop-1] o.s.b.w.servlet.FilterRegistrationBean   : Mapping filter: 'webRequestLoggingFilter' to: [/*]
2017-11-23 23:43:24.157  INFO 4084 --- [localhost-startStop-1] o.s.b.w.servlet.FilterRegistrationBean   : Mapping filter: 'applicationContextIdFilter' to: [/*]
2017-11-23 23:43:24.158  INFO 4084 --- [localhost-startStop-1] o.s.b.w.servlet.ServletRegistrationBean  : Mapping servlet: 'dispatcherServlet' to [/]
2017-11-23 23:43:24.241  INFO 4084 --- [main] o.s.j.d.DriverManagerDataSource          : Loaded JDBC driver: com.mysql.jdbc.Driver
2017-11-23 23:43:25.597  INFO 4084 --- [main] s.w.s.m.m.a.RequestMappingHandlerMapping : Mapped "{[/account/types],methods=[GET]}" onto public org.springframework.http.ResponseEntity com.omnia.admin.controller.AccountController.getAccountTypes()
2017-11-23 23:43:25.603  INFO 4084 --- [main] s.w.s.m.m.a.RequestMappingHandlerMapping : Mapped "{[/advertiser/update],methods=[PUT]}" onto public void com.omnia.admin.controller.AdvertiserController.update(javax.servlet.http.HttpServletRequest,java.util.List<com.omnia.admin.dto.AdvertiserDto>)
2017-11-23 23:43:25.603  INFO 4084 --- [main] s.w.s.m.m.a.RequestMappingHandlerMapping : Mapped "{[/advertiser/all],methods=[GET]}" onto public java.util.List<com.omnia.admin.model.Advertiser> com.omnia.admin.controller.AdvertiserController.getAllAdvertisers()
2017-11-23 23:43:25.603  INFO 4084 --- [main] s.w.s.m.m.a.RequestMappingHandlerMapping : Mapped "{[/advertiser/names],methods=[GET]}" onto public java.util.List<java.lang.String> com.omnia.admin.controller.AdvertiserController.getAllAdvertisersName()
2017-11-23 23:43:25.606  INFO 4084 --- [main] s.w.s.m.m.a.RequestMappingHandlerMapping : Mapped "{[/advertiser/status/get],methods=[GET]}" onto public java.util.List<com.omnia.admin.model.AdvertiserStatus> com.omnia.admin.controller.AdvertiserStatusController.getStatusByAdvertiserId(long)
2017-11-23 23:43:25.608  INFO 4084 --- [main] s.w.s.m.m.a.RequestMappingHandlerMapping : Mapped "{[/affiliates],methods=[POST]}" onto public void com.omnia.admin.controller.AffiliatesController.create(java.lang.Integer,java.lang.Integer)
2017-11-23 23:43:25.609  INFO 4084 --- [main] s.w.s.m.m.a.RequestMappingHandlerMapping : Mapped "{[/affiliates],methods=[GET]}" onto public java.util.List<java.lang.Long> com.omnia.admin.controller.AffiliatesController.getAffiliatesIdsByBuyerId(java.lang.Long)
2017-11-23 23:43:25.610  INFO 4084 --- [main] s.w.s.m.m.a.RequestMappingHandlerMapping : Mapped "{[/buyer/names],methods=[GET]}" onto public java.util.List<java.lang.String> com.omnia.admin.controller.BuyerController.getBuyersName()
2017-11-23 23:43:25.613  INFO 4084 --- [main] s.w.s.m.m.a.RequestMappingHandlerMapping : Mapped "{[/buyer/update],methods=[PUT]}" onto public void com.omnia.admin.controller.BuyerController.updateBuyers(java.util.List<com.omnia.admin.model.Buyer>)
2017-11-23 23:43:25.614  INFO 4084 --- [main] s.w.s.m.m.a.RequestMappingHandlerMapping : Mapped "{[/buyer/save],methods=[POST]}" onto public void com.omnia.admin.controller.BuyerController.saveBuyers(java.util.List<com.omnia.admin.model.Buyer>)
2017-11-23 23:43:25.614  INFO 4084 --- [main] s.w.s.m.m.a.RequestMappingHandlerMapping : Mapped "{[/buyer],methods=[GET]}" onto public java.util.List<com.omnia.admin.model.Buyer> com.omnia.admin.controller.BuyerController.getBuyers()
2017-11-23 23:43:25.615  INFO 4084 --- [main] s.w.s.m.m.a.RequestMappingHandlerMapping : Mapped "{[/buyer/kpi/grop],methods=[GET]}" onto public org.springframework.http.ResponseEntity com.omnia.admin.controller.BuyerKpiController.get()
2017-11-23 23:43:25.616  INFO 4084 --- [main] s.w.s.m.m.a.RequestMappingHandlerMapping : Mapped "{[/buyer/kpi],methods=[POST]}" onto public org.springframework.http.ResponseEntity com.omnia.admin.controller.BuyerKpiController.save(java.util.List<com.omnia.admin.model.BuyerKpi>,int)
2017-11-23 23:43:25.616  INFO 4084 --- [main] s.w.s.m.m.a.RequestMappingHandlerMapping : Mapped "{[/buyer/kpi],methods=[GET]}" onto public org.springframework.http.ResponseEntity com.omnia.admin.controller.BuyerKpiController.getByBuyerId(int)
2017-11-23 23:43:25.617  INFO 4084 --- [main] s.w.s.m.m.a.RequestMappingHandlerMapping : Mapped "{[/buyer/plan],methods=[GET]}" onto public org.springframework.http.ResponseEntity com.omnia.admin.controller.BuyerPlanController.getPlan(java.util.List<java.lang.String>,java.util.List<java.lang.String>) throws java.util.concurrent.ExecutionException,java.lang.InterruptedException
2017-11-23 23:43:25.619  INFO 4084 --- [main] s.w.s.m.m.a.RequestMappingHandlerMapping : Mapped "{[/catalogs/kpi],methods=[GET]}" onto public org.springframework.http.ResponseEntity com.omnia.admin.controller.CatalogKpiController.getCatalogKpi()
2017-11-23 23:43:25.619  INFO 4084 --- [main] s.w.s.m.m.a.RequestMappingHandlerMapping : Mapped "{[/currency],methods=[GET]}" onto public org.springframework.http.ResponseEntity com.omnia.admin.controller.CurrencyController.getAllCurrency()
2017-11-23 23:43:25.620  INFO 4084 --- [main] s.w.s.m.m.a.RequestMappingHandlerMapping : Mapped "{[/login],methods=[POST]}" onto public org.springframework.http.ResponseEntity com.omnia.admin.controller.LoginController.login(javax.servlet.http.HttpServletResponse,com.omnia.admin.dto.LoginDto)
2017-11-23 23:43:25.623  INFO 4084 --- [main] s.w.s.m.m.a.RequestMappingHandlerMapping : Mapped "{[/payroll],methods=[PUT]}" onto public void com.omnia.admin.controller.PayrollController.update(com.omnia.admin.model.Payroll)
2017-11-23 23:43:25.624  INFO 4084 --- [main] s.w.s.m.m.a.RequestMappingHandlerMapping : Mapped "{[/payroll],methods=[DELETE]}" onto public void com.omnia.admin.controller.PayrollController.delete(java.util.List<java.lang.Long>)
2017-11-23 23:43:25.625  INFO 4084 --- [main] s.w.s.m.m.a.RequestMappingHandlerMapping : Mapped "{[/payroll/save],methods=[POST]}" onto public void com.omnia.admin.controller.PayrollController.save(java.util.List<com.omnia.admin.model.Payroll>)
2017-11-23 23:43:25.625  INFO 4084 --- [main] s.w.s.m.m.a.RequestMappingHandlerMapping : Mapped "{[/payroll],methods=[POST]}" onto public org.springframework.http.ResponseEntity com.omnia.admin.controller.PayrollController.getPayrolls(com.omnia.admin.grid.Page)
2017-11-23 23:43:25.625  INFO 4084 --- [main] s.w.s.m.m.a.RequestMappingHandlerMapping : Mapped "{[/payroll/description],methods=[GET]}" onto public java.util.List<java.lang.String> com.omnia.admin.controller.PayrollController.getPayrollDescription()
2017-11-23 23:43:25.626  INFO 4084 --- [main] s.w.s.m.m.a.RequestMappingHandlerMapping : Mapped "{[/postback/fullurl],methods=[GET]}" onto public org.springframework.http.ResponseEntity com.omnia.admin.controller.PostbackController.getFullUrl(java.lang.Long)
2017-11-23 23:43:25.629  INFO 4084 --- [main] s.w.s.m.m.a.RequestMappingHandlerMapping : Mapped "{[/report/stats],methods=[GET]}" onto public org.springframework.http.ResponseEntity com.omnia.admin.controller.ReportController.downloadStatsReport(java.lang.String,java.lang.String,java.lang.String,java.lang.String) throws java.io.IOException
2017-11-23 23:43:25.630  INFO 4084 --- [main] s.w.s.m.m.a.RequestMappingHandlerMapping : Mapped "{[/statistic/all],methods=[POST]}" onto public org.springframework.http.ResponseEntity com.omnia.admin.controller.SourceStatisticController.getAllStatistic(com.omnia.admin.dto.StatisticFilter)
2017-11-23 23:43:25.631  INFO 4084 --- [main] s.w.s.m.m.a.RequestMappingHandlerMapping : Mapped "{[/statistic/old],methods=[POST]}" onto public org.springframework.http.ResponseEntity com.omnia.admin.controller.SourceStatisticController.getStatistic(com.omnia.admin.dto.StatisticFilter)
2017-11-23 23:43:25.631  INFO 4084 --- [main] s.w.s.m.m.a.RequestMappingHandlerMapping : Mapped "{[/statistic/daily],methods=[POST]}" onto public org.springframework.http.ResponseEntity com.omnia.admin.controller.SourceStatisticController.getDailyStatistic(com.omnia.admin.dto.StatisticFilter)
2017-11-23 23:43:25.632  INFO 4084 --- [main] s.w.s.m.m.a.RequestMappingHandlerMapping : Mapped "{[/statistic],methods=[POST]}" onto public org.springframework.http.ResponseEntity com.omnia.admin.controller.StatisticController.getStatistic(com.omnia.admin.dto.StatisticFilter) throws java.util.concurrent.ExecutionException,java.lang.InterruptedException
2017-11-23 23:43:25.637  INFO 4084 --- [main] s.w.s.m.m.a.RequestMappingHandlerMapping : Mapped "{[/user/me],methods=[GET]}" onto public org.springframework.http.ResponseEntity com.omnia.admin.controller.UserController.me(javax.servlet.http.HttpServletRequest)
2017-11-23 23:43:25.638  INFO 4084 --- [main] s.w.s.m.m.a.RequestMappingHandlerMapping : Mapped "{[/grid/conversions/get],methods=[POST]}" onto public com.omnia.admin.grid.dto.conversion.ConversionList com.omnia.admin.grid.controller.ConversionGridController.getConversions(com.omnia.admin.grid.dto.conversion.ConversionGridFilterDetails)
2017-11-23 23:43:25.639  INFO 4084 --- [main] s.w.s.m.m.a.RequestMappingHandlerMapping : Mapped "{[/grid/postback/get],methods=[POST]}" onto public com.omnia.admin.grid.dto.postback.PostbackList com.omnia.admin.grid.controller.PostbackGridController.getPostbackList(com.omnia.admin.grid.dto.postback.PostbackGridFilterDetails)
2017-11-23 23:43:25.640  INFO 4084 --- [main] s.w.s.m.m.a.RequestMappingHandlerMapping : Mapped "{[/],methods=[GET]}" onto public java.lang.String com.omnia.admin.web.WebController.index()
2017-11-23 23:43:25.641  INFO 4084 --- [main] s.w.s.m.m.a.RequestMappingHandlerMapping : Mapped "{[/advertiser],methods=[GET]}" onto public java.lang.String com.omnia.admin.web.WebController.advertiser()
2017-11-23 23:43:25.641  INFO 4084 --- [main] s.w.s.m.m.a.RequestMappingHandlerMapping : Mapped "{[/login],methods=[GET]}" onto public java.lang.String com.omnia.admin.web.WebController.getLoginPage(org.springframework.ui.Model,java.lang.String)
2017-11-23 23:43:25.644  INFO 4084 --- [main] s.w.s.m.m.a.RequestMappingHandlerMapping : Mapped "{[/swagger-resources/configuration/ui]}" onto public org.springframework.http.ResponseEntity<springfox.documentation.swagger.web.UiConfiguration> springfox.documentation.swagger.web.ApiResourceController.uiConfiguration()
2017-11-23 23:43:25.645  INFO 4084 --- [main] s.w.s.m.m.a.RequestMappingHandlerMapping : Mapped "{[/swagger-resources]}" onto public org.springframework.http.ResponseEntity<java.util.List<springfox.documentation.swagger.web.SwaggerResource>> springfox.documentation.swagger.web.ApiResourceController.swaggerResources()
2017-11-23 23:43:25.646  INFO 4084 --- [main] s.w.s.m.m.a.RequestMappingHandlerMapping : Mapped "{[/swagger-resources/configuration/security]}" onto public org.springframework.http.ResponseEntity<springfox.documentation.swagger.web.SecurityConfiguration> springfox.documentation.swagger.web.ApiResourceController.securityConfiguration()
2017-11-23 23:43:25.649  INFO 4084 --- [main] s.w.s.m.m.a.RequestMappingHandlerMapping : Mapped "{[/error]}" onto public org.springframework.http.ResponseEntity<java.util.Map<java.lang.String, java.lang.Object>> org.springframework.boot.autoconfigure.web.BasicErrorController.error(javax.servlet.http.HttpServletRequest)
2017-11-23 23:43:25.650  INFO 4084 --- [main] s.w.s.m.m.a.RequestMappingHandlerMapping : Mapped "{[/error],produces=[text/html]}" onto public org.springframework.web.servlet.ModelAndView org.springframework.boot.autoconfigure.web.BasicErrorController.errorHtml(javax.servlet.http.HttpServletRequest,javax.servlet.http.HttpServletResponse)
2017-11-23 23:43:26.305  INFO 4084 --- [main] o.s.b.a.e.mvc.EndpointHandlerMapping     : Mapped "{[/heapdump || /heapdump.json],methods=[GET],produces=[application/octet-stream]}" onto public void org.springframework.boot.actuate.endpoint.mvc.HeapdumpMvcEndpoint.invoke(boolean,javax.servlet.http.HttpServletRequest,javax.servlet.http.HttpServletResponse) throws java.io.IOException,javax.servlet.ServletException
2017-11-23 23:43:26.306  INFO 4084 --- [main] o.s.b.a.e.mvc.EndpointHandlerMapping     : Mapped "{[/trace || /trace.json],methods=[GET],produces=[application/vnd.spring-boot.actuator.v1+json || application/json]}" onto public java.lang.Object org.springframework.boot.actuate.endpoint.mvc.EndpointMvcAdapter.invoke()
2017-11-23 23:43:26.306  INFO 4084 --- [main] o.s.b.a.e.mvc.EndpointHandlerMapping     : Mapped "{[/autoconfig || /autoconfig.json],methods=[GET],produces=[application/vnd.spring-boot.actuator.v1+json || application/json]}" onto public java.lang.Object org.springframework.boot.actuate.endpoint.mvc.EndpointMvcAdapter.invoke()
2017-11-23 23:43:26.308  INFO 4084 --- [main] o.s.b.a.e.mvc.EndpointHandlerMapping     : Mapped "{[/metrics/{name:.*}],methods=[GET],produces=[application/vnd.spring-boot.actuator.v1+json || application/json]}" onto public java.lang.Object org.springframework.boot.actuate.endpoint.mvc.MetricsMvcEndpoint.value(java.lang.String)
2017-11-23 23:43:26.308  INFO 4084 --- [main] o.s.b.a.e.mvc.EndpointHandlerMapping     : Mapped "{[/metrics || /metrics.json],methods=[GET],produces=[application/vnd.spring-boot.actuator.v1+json || application/json]}" onto public java.lang.Object org.springframework.boot.actuate.endpoint.mvc.EndpointMvcAdapter.invoke()
2017-11-23 23:43:26.309  INFO 4084 --- [main] o.s.b.a.e.mvc.EndpointHandlerMapping     : Mapped "{[/auditevents || /auditevents.json],methods=[GET],produces=[application/vnd.spring-boot.actuator.v1+json || application/json]}" onto public org.springframework.http.ResponseEntity<?> org.springframework.boot.actuate.endpoint.mvc.AuditEventsMvcEndpoint.findByPrincipalAndAfterAndType(java.lang.String,java.util.Date,java.lang.String)
2017-11-23 23:43:26.310  INFO 4084 --- [main] o.s.b.a.e.mvc.EndpointHandlerMapping     : Mapped "{[/env/{name:.*}],methods=[GET],produces=[application/vnd.spring-boot.actuator.v1+json || application/json]}" onto public java.lang.Object org.springframework.boot.actuate.endpoint.mvc.EnvironmentMvcEndpoint.value(java.lang.String)
2017-11-23 23:43:26.310  INFO 4084 --- [main] o.s.b.a.e.mvc.EndpointHandlerMapping     : Mapped "{[/env || /env.json],methods=[GET],produces=[application/vnd.spring-boot.actuator.v1+json || application/json]}" onto public java.lang.Object org.springframework.boot.actuate.endpoint.mvc.EndpointMvcAdapter.invoke()
2017-11-23 23:43:26.311  INFO 4084 --- [main] o.s.b.a.e.mvc.EndpointHandlerMapping     : Mapped "{[/mappings || /mappings.json],methods=[GET],produces=[application/vnd.spring-boot.actuator.v1+json || application/json]}" onto public java.lang.Object org.springframework.boot.actuate.endpoint.mvc.EndpointMvcAdapter.invoke()
2017-11-23 23:43:26.313  INFO 4084 --- [main] o.s.b.a.e.mvc.EndpointHandlerMapping     : Mapped "{[/loggers/{name:.*}],methods=[GET],produces=[application/vnd.spring-boot.actuator.v1+json || application/json]}" onto public java.lang.Object org.springframework.boot.actuate.endpoint.mvc.LoggersMvcEndpoint.get(java.lang.String)
2017-11-23 23:43:26.314  INFO 4084 --- [main] o.s.b.a.e.mvc.EndpointHandlerMapping     : Mapped "{[/loggers/{name:.*}],methods=[POST],consumes=[application/vnd.spring-boot.actuator.v1+json || application/json],produces=[application/vnd.spring-boot.actuator.v1+json || application/json]}" onto public java.lang.Object org.springframework.boot.actuate.endpoint.mvc.LoggersMvcEndpoint.set(java.lang.String,java.util.Map<java.lang.String, java.lang.String>)
2017-11-23 23:43:26.314  INFO 4084 --- [main] o.s.b.a.e.mvc.EndpointHandlerMapping     : Mapped "{[/loggers || /loggers.json],methods=[GET],produces=[application/vnd.spring-boot.actuator.v1+json || application/json]}" onto public java.lang.Object org.springframework.boot.actuate.endpoint.mvc.EndpointMvcAdapter.invoke()
2017-11-23 23:43:26.314  INFO 4084 --- [main] o.s.b.a.e.mvc.EndpointHandlerMapping     : Mapped "{[/configprops || /configprops.json],methods=[GET],produces=[application/vnd.spring-boot.actuator.v1+json || application/json]}" onto public java.lang.Object org.springframework.boot.actuate.endpoint.mvc.EndpointMvcAdapter.invoke()
2017-11-23 23:43:26.316  INFO 4084 --- [main] o.s.b.a.e.mvc.EndpointHandlerMapping     : Mapped "{[/logfile || /logfile.json],methods=[GET || HEAD]}" onto public void org.springframework.boot.actuate.endpoint.mvc.LogFileMvcEndpoint.invoke(javax.servlet.http.HttpServletRequest,javax.servlet.http.HttpServletResponse) throws javax.servlet.ServletException,java.io.IOException
2017-11-23 23:43:26.317  INFO 4084 --- [main] o.s.b.a.e.mvc.EndpointHandlerMapping     : Mapped "{[/beans || /beans.json],methods=[GET],produces=[application/vnd.spring-boot.actuator.v1+json || application/json]}" onto public java.lang.Object org.springframework.boot.actuate.endpoint.mvc.EndpointMvcAdapter.invoke()
2017-11-23 23:43:26.317  INFO 4084 --- [main] o.s.b.a.e.mvc.EndpointHandlerMapping     : Mapped "{[/info || /info.json],methods=[GET],produces=[application/vnd.spring-boot.actuator.v1+json || application/json]}" onto public java.lang.Object org.springframework.boot.actuate.endpoint.mvc.EndpointMvcAdapter.invoke()
2017-11-23 23:43:26.318  INFO 4084 --- [main] o.s.b.a.e.mvc.EndpointHandlerMapping     : Mapped "{[/dump || /dump.json],methods=[GET],produces=[application/vnd.spring-boot.actuator.v1+json || application/json]}" onto public java.lang.Object org.springframework.boot.actuate.endpoint.mvc.EndpointMvcAdapter.invoke()
2017-11-23 23:43:26.319  INFO 4084 --- [main] o.s.b.a.e.mvc.EndpointHandlerMapping     : Mapped "{[/health || /health.json],methods=[GET],produces=[application/vnd.spring-boot.actuator.v1+json || application/json]}" onto public java.lang.Object org.springframework.boot.actuate.endpoint.mvc.HealthMvcEndpoint.invoke(javax.servlet.http.HttpServletRequest,java.security.Principal)
2017-11-23 23:43:26.631  INFO 4084 --- [main] pertySourcedRequestMappingHandlerMapping : Mapped URL path [/v2/api-docs] onto method [public org.springframework.http.ResponseEntity<springfox.documentation.spring.web.json.Json> springfox.documentation.swagger2.web.Swagger2Controller.getDocumentation(java.lang.String,javax.servlet.http.HttpServletRequest)]
2017-11-23 23:43:27.160  INFO 4084 --- [main] s.w.s.m.m.a.RequestMappingHandlerAdapter : Looking for @ControllerAdvice: org.springframework.boot.context.embedded.AnnotationConfigEmbeddedWebApplicationContext@42b3b079: startup date [Thu Nov 23 23:43:20 EET 2017]; root of context hierarchy
2017-11-23 23:43:27.353  INFO 4084 --- [main] o.s.w.s.handler.SimpleUrlHandlerMapping  : Mapped URL path [/webjars/**] onto handler of type [class org.springframework.web.servlet.resource.ResourceHttpRequestHandler]
2017-11-23 23:43:27.353  INFO 4084 --- [main] o.s.w.s.handler.SimpleUrlHandlerMapping  : Mapped URL path [/**] onto handler of type [class org.springframework.web.servlet.resource.ResourceHttpRequestHandler]
2017-11-23 23:43:27.546  INFO 4084 --- [main] o.s.w.s.handler.SimpleUrlHandlerMapping  : Mapped URL path [/**/favicon.ico] onto handler of type [class org.springframework.web.servlet.resource.ResourceHttpRequestHandler]
2017-11-23 23:43:28.567  INFO 4084 --- [main] o.s.s.web.DefaultSecurityFilterChain     : Creating filter chain: OrRequestMatcher [requestMatchers=[Ant [pattern='/css/**'], Ant [pattern='/js/**'], Ant [pattern='/images/**'], Ant [pattern='/webjars/**'], Ant [pattern='/**/favicon.ico'], Ant [pattern='/error']]], []
2017-11-23 23:43:28.567  INFO 4084 --- [main] o.s.s.web.DefaultSecurityFilterChain     : Creating filter chain: org.springframework.boot.actuate.autoconfigure.ManagementWebSecurityAutoConfiguration$LazyEndpointPathRequestMatcher@722b2728, []
2017-11-23 23:43:28.732  INFO 4084 --- [main] o.s.s.web.DefaultSecurityFilterChain     : Creating filter chain: org.springframework.security.web.util.matcher.AnyRequestMatcher@1, [org.springframework.security.web.context.request.async.WebAsyncManagerIntegrationFilter@61dd1c3d, org.springframework.security.web.context.SecurityContextPersistenceFilter@347123dc, org.springframework.security.web.header.HeaderWriterFilter@6df2af02, org.springframework.security.web.authentication.logout.LogoutFilter@6463da36, org.springframework.security.web.authentication.UsernamePasswordAuthenticationFilter@2a667f44, org.springframework.security.web.savedrequest.RequestCacheAwareFilter@5403431a, org.springframework.security.web.servletapi.SecurityContextHolderAwareRequestFilter@2f07930a, org.springframework.security.web.authentication.rememberme.RememberMeAuthenticationFilter@3f6f9cef, org.springframework.security.web.authentication.AnonymousAuthenticationFilter@7858d31d, org.springframework.security.web.session.SessionManagementFilter@1f7336b2, org.springframework.security.web.access.ExceptionTranslationFilter@6501b105, org.springframework.security.web.access.intercept.FilterSecurityInterceptor@48b2dbc4]
2017-11-23 23:43:28.758  INFO 4084 --- [main] o.s.s.web.DefaultSecurityFilterChain     : Creating filter chain: OrRequestMatcher [requestMatchers=[Ant [pattern='/**']]], [org.springframework.security.web.context.request.async.WebAsyncManagerIntegrationFilter@5c0e2ec, org.springframework.security.web.context.SecurityContextPersistenceFilter@dae5e0, org.springframework.security.web.header.HeaderWriterFilter@2c815fdc, org.springframework.security.web.authentication.logout.LogoutFilter@6e364f1f, org.springframework.security.web.authentication.www.BasicAuthenticationFilter@298263fa, org.springframework.security.web.savedrequest.RequestCacheAwareFilter@59a94d0f, org.springframework.security.web.servletapi.SecurityContextHolderAwareRequestFilter@7ff09659, org.springframework.security.web.authentication.AnonymousAuthenticationFilter@4fa8bebb, org.springframework.security.web.session.SessionManagementFilter@769b0752, org.springframework.security.web.access.ExceptionTranslationFilter@343db2f6, org.springframework.security.web.access.intercept.FilterSecurityInterceptor@7417ef4f]
2017-11-23 23:43:29.443  INFO 4084 --- [main] o.s.j.e.a.AnnotationMBeanExporter        : Registering beans for JMX exposure on startup
2017-11-23 23:43:29.467  INFO 4084 --- [main] o.s.c.support.DefaultLifecycleProcessor  : Starting beans in phase 0
2017-11-23 23:43:29.550  INFO 4084 --- [main] o.s.c.support.DefaultLifecycleProcessor  : Starting beans in phase 2147483647
2017-11-23 23:43:29.550  INFO 4084 --- [main] d.s.w.p.DocumentationPluginsBootstrapper : Context refreshed
2017-11-23 23:43:29.573  INFO 4084 --- [main] d.s.w.p.DocumentationPluginsBootstrapper : Found 1 custom documentation plugin(s)
2017-11-23 23:43:29.677  INFO 4084 --- [main] s.d.s.w.s.ApiListingReferenceScanner     : Scanning for api listing references
2017-11-23 23:43:29.986  INFO 4084 --- [main] .d.s.w.r.o.CachingOperationNameGenerator : Generating unique operation named: findByPrincipalAndAfterAndTypeUsingGET_1
2017-11-23 23:43:30.254  INFO 4084 --- [main] .d.s.w.r.o.CachingOperationNameGenerator : Generating unique operation named: invokeUsingGET_1
2017-11-23 23:43:30.257  INFO 4084 --- [main] .d.s.w.r.o.CachingOperationNameGenerator : Generating unique operation named: invokeUsingGET_2
2017-11-23 23:43:30.261  INFO 4084 --- [main] .d.s.w.r.o.CachingOperationNameGenerator : Generating unique operation named: invokeUsingGET_3
2017-11-23 23:43:30.265  INFO 4084 --- [main] .d.s.w.r.o.CachingOperationNameGenerator : Generating unique operation named: invokeUsingGET_4
2017-11-23 23:43:30.267  INFO 4084 --- [main] .d.s.w.r.o.CachingOperationNameGenerator : Generating unique operation named: invokeUsingGET_5
2017-11-23 23:43:30.270  INFO 4084 --- [main] .d.s.w.r.o.CachingOperationNameGenerator : Generating unique operation named: invokeUsingGET_6
2017-11-23 23:43:30.276  INFO 4084 --- [main] .d.s.w.r.o.CachingOperationNameGenerator : Generating unique operation named: invokeUsingGET_7
2017-11-23 23:43:30.279  INFO 4084 --- [main] .d.s.w.r.o.CachingOperationNameGenerator : Generating unique operation named: invokeUsingGET_8
2017-11-23 23:43:30.284  INFO 4084 --- [main] .d.s.w.r.o.CachingOperationNameGenerator : Generating unique operation named: invokeUsingGET_9
2017-11-23 23:43:30.287  INFO 4084 --- [main] .d.s.w.r.o.CachingOperationNameGenerator : Generating unique operation named: invokeUsingGET_10
2017-11-23 23:43:30.290  INFO 4084 --- [main] .d.s.w.r.o.CachingOperationNameGenerator : Generating unique operation named: invokeUsingGET_11
2017-11-23 23:43:30.294  INFO 4084 --- [main] .d.s.w.r.o.CachingOperationNameGenerator : Generating unique operation named: invokeUsingGET_12
2017-11-23 23:43:30.296  INFO 4084 --- [main] .d.s.w.r.o.CachingOperationNameGenerator : Generating unique operation named: invokeUsingGET_13
2017-11-23 23:43:30.301  INFO 4084 --- [main] .d.s.w.r.o.CachingOperationNameGenerator : Generating unique operation named: invokeUsingGET_14
2017-11-23 23:43:30.305  INFO 4084 --- [main] .d.s.w.r.o.CachingOperationNameGenerator : Generating unique operation named: invokeUsingGET_15
2017-11-23 23:43:30.332  INFO 4084 --- [main] .d.s.w.r.o.CachingOperationNameGenerator : Generating unique operation named: invokeUsingGET_16
2017-11-23 23:43:30.338  INFO 4084 --- [main] .d.s.w.r.o.CachingOperationNameGenerator : Generating unique operation named: invokeUsingGET_17
2017-11-23 23:43:30.351  INFO 4084 --- [main] .d.s.w.r.o.CachingOperationNameGenerator : Generating unique operation named: invokeUsingGET_18
2017-11-23 23:43:30.358  INFO 4084 --- [main] .d.s.w.r.o.CachingOperationNameGenerator : Generating unique operation named: invokeUsingGET_19
2017-11-23 23:43:30.368  INFO 4084 --- [main] .d.s.w.r.o.CachingOperationNameGenerator : Generating unique operation named: invokeUsingGET_20
2017-11-23 23:43:30.381  INFO 4084 --- [main] .d.s.w.r.o.CachingOperationNameGenerator : Generating unique operation named: invokeUsingGET_21
2017-11-23 23:43:30.388  INFO 4084 --- [main] .d.s.w.r.o.CachingOperationNameGenerator : Generating unique operation named: invokeUsingHEAD_1
2017-11-23 23:43:30.397  INFO 4084 --- [main] .d.s.w.r.o.CachingOperationNameGenerator : Generating unique operation named: getUsingGET_1
2017-11-23 23:43:30.402  INFO 4084 --- [main] .d.s.w.r.o.CachingOperationNameGenerator : Generating unique operation named: invokeUsingGET_22
2017-11-23 23:43:30.407  INFO 4084 --- [main] .d.s.w.r.o.CachingOperationNameGenerator : Generating unique operation named: invokeUsingGET_23
2017-11-23 23:43:30.424  INFO 4084 --- [main] .d.s.w.r.o.CachingOperationNameGenerator : Generating unique operation named: invokeUsingGET_24
2017-11-23 23:43:30.429  INFO 4084 --- [main] .d.s.w.r.o.CachingOperationNameGenerator : Generating unique operation named: invokeUsingGET_25
2017-11-23 23:43:30.436  INFO 4084 --- [main] .d.s.w.r.o.CachingOperationNameGenerator : Generating unique operation named: valueUsingGET_1
2017-11-23 23:43:30.469  INFO 4084 --- [main] .d.s.w.r.o.CachingOperationNameGenerator : Generating unique operation named: saveUsingPOST_1
2017-11-23 23:43:30.480  INFO 4084 --- [main] .d.s.w.r.o.CachingOperationNameGenerator : Generating unique operation named: updateUsingPUT_1
2017-11-23 23:43:30.551  INFO 4084 --- [main] .d.s.w.r.o.CachingOperationNameGenerator : Generating unique operation named: getStatisticUsingPOST_1
2017-11-23 23:43:30.661  INFO 4084 --- [main] s.b.c.e.t.TomcatEmbeddedServletContainer : Tomcat started on port(s): 8080 (http)
2017-11-23 23:43:30.669  INFO 4084 --- [main] com.omnia.admin.AdminApplication         : Started AdminApplication in 11.534 seconds (JVM running for 13.614)
2017-11-23 23:43:30.806  INFO 4084 --- [http-nio-8080-exec-2] o.a.c.c.C.[Tomcat].[localhost].[/]       : Initializing Spring FrameworkServlet 'dispatcherServlet'
2017-11-23 23:43:30.806  INFO 4084 --- [http-nio-8080-exec-2] o.s.web.servlet.DispatcherServlet        : FrameworkServlet 'dispatcherServlet': initialization started
2017-11-23 23:43:30.836  INFO 4084 --- [http-nio-8080-exec-2] o.s.web.servlet.DispatcherServlet        : FrameworkServlet 'dispatcherServlet': initialization completed in 30 ms
2017-11-23 23:43:35.546  INFO 4084 --- [http-nio-8080-exec-3] com.omnia.admin.dao.impl.UserDaoImpl     : Select user by username executed in 601 ms, sql=SELECT user_id,username,password,name,role_id,group_id,buyer_id FROM users WHERE username = ?;
2017-11-23 23:49:06.774  INFO 920 --- [main] com.omnia.admin.AdminApplication         : Starting AdminApplication on DESKTOP-N108KCD with PID 920 (C:\Idea\admin-panel\target\classes started by Bohdan in C:\Idea\admin-panel)
2017-11-23 23:49:06.781  INFO 920 --- [main] com.omnia.admin.AdminApplication         : No active profile set, falling back to default profiles: default
2017-11-23 23:49:07.303  INFO 920 --- [main] ationConfigEmbeddedWebApplicationContext : Refreshing org.springframework.boot.context.embedded.AnnotationConfigEmbeddedWebApplicationContext@42b3b079: startup date [Thu Nov 23 23:49:07 EET 2017]; root of context hierarchy
2017-11-23 23:49:09.909  INFO 920 --- [main] trationDelegate$BeanPostProcessorChecker : Bean 'org.springframework.transaction.annotation.ProxyTransactionManagementConfiguration' of type [org.springframework.transaction.annotation.ProxyTransactionManagementConfiguration$$EnhancerBySpringCGLIB$$72e0c1f9] is not eligible for getting processed by all BeanPostProcessors (for example: not eligible for auto-proxying)
2017-11-23 23:49:09.995  INFO 920 --- [main] trationDelegate$BeanPostProcessorChecker : Bean 'org.springframework.security.config.annotation.configuration.ObjectPostProcessorConfiguration' of type [org.springframework.security.config.annotation.configuration.ObjectPostProcessorConfiguration$$EnhancerBySpringCGLIB$$b8e8a33] is not eligible for getting processed by all BeanPostProcessors (for example: not eligible for auto-proxying)
2017-11-23 23:49:10.011  INFO 920 --- [main] trationDelegate$BeanPostProcessorChecker : Bean 'objectPostProcessor' of type [org.springframework.security.config.annotation.configuration.AutowireBeanFactoryObjectPostProcessor] is not eligible for getting processed by all BeanPostProcessors (for example: not eligible for auto-proxying)
2017-11-23 23:49:10.014  INFO 920 --- [main] trationDelegate$BeanPostProcessorChecker : Bean 'org.springframework.security.access.expression.method.DefaultMethodSecurityExpressionHandler@1c067c0d' of type [org.springframework.security.access.expression.method.DefaultMethodSecurityExpressionHandler] is not eligible for getting processed by all BeanPostProcessors (for example: not eligible for auto-proxying)
2017-11-23 23:49:10.021  INFO 920 --- [main] trationDelegate$BeanPostProcessorChecker : Bean 'org.springframework.security.config.annotation.method.configuration.GlobalMethodSecurityConfiguration' of type [org.springframework.security.config.annotation.method.configuration.GlobalMethodSecurityConfiguration$$EnhancerBySpringCGLIB$$30632ce5] is not eligible for getting processed by all BeanPostProcessors (for example: not eligible for auto-proxying)
2017-11-23 23:49:10.035  INFO 920 --- [main] trationDelegate$BeanPostProcessorChecker : Bean 'methodSecurityMetadataSource' of type [org.springframework.security.access.method.DelegatingMethodSecurityMetadataSource] is not eligible for getting processed by all BeanPostProcessors (for example: not eligible for auto-proxying)
2017-11-23 23:49:10.554  INFO 920 --- [main] s.b.c.e.t.TomcatEmbeddedServletContainer : Tomcat initialized with port(s): 8080 (http)
2017-11-23 23:49:10.568  INFO 920 --- [main] o.apache.catalina.core.StandardService   : Starting service [Tomcat]
2017-11-23 23:49:10.569  INFO 920 --- [main] org.apache.catalina.core.StandardEngine  : Starting Servlet Engine: Apache Tomcat/8.5.20
2017-11-23 23:49:10.705  INFO 920 --- [localhost-startStop-1] o.a.c.c.C.[Tomcat].[localhost].[/]       : Initializing Spring embedded WebApplicationContext
2017-11-23 23:49:10.705  INFO 920 --- [localhost-startStop-1] o.s.web.context.ContextLoader            : Root WebApplicationContext: initialization completed in 3407 ms
2017-11-23 23:49:11.313  INFO 920 --- [localhost-startStop-1] o.s.b.w.servlet.FilterRegistrationBean   : Mapping filter: 'metricsFilter' to: [/*]
2017-11-23 23:49:11.314  INFO 920 --- [localhost-startStop-1] o.s.b.w.servlet.FilterRegistrationBean   : Mapping filter: 'characterEncodingFilter' to: [/*]
2017-11-23 23:49:11.316  INFO 920 --- [localhost-startStop-1] o.s.b.w.servlet.FilterRegistrationBean   : Mapping filter: 'hiddenHttpMethodFilter' to: [/*]
2017-11-23 23:49:11.316  INFO 920 --- [localhost-startStop-1] o.s.b.w.servlet.FilterRegistrationBean   : Mapping filter: 'httpPutFormContentFilter' to: [/*]
2017-11-23 23:49:11.316  INFO 920 --- [localhost-startStop-1] o.s.b.w.servlet.FilterRegistrationBean   : Mapping filter: 'requestContextFilter' to: [/*]
2017-11-23 23:49:11.317  INFO 920 --- [localhost-startStop-1] .s.DelegatingFilterProxyRegistrationBean : Mapping filter: 'springSecurityFilterChain' to: [/*]
2017-11-23 23:49:11.319  INFO 920 --- [localhost-startStop-1] o.s.b.w.servlet.FilterRegistrationBean   : Mapping filter: 'webRequestLoggingFilter' to: [/*]
2017-11-23 23:49:11.319  INFO 920 --- [localhost-startStop-1] o.s.b.w.servlet.FilterRegistrationBean   : Mapping filter: 'applicationContextIdFilter' to: [/*]
2017-11-23 23:49:11.319  INFO 920 --- [localhost-startStop-1] o.s.b.w.servlet.ServletRegistrationBean  : Mapping servlet: 'dispatcherServlet' to [/]
2017-11-23 23:49:11.425  INFO 920 --- [main] o.s.j.d.DriverManagerDataSource          : Loaded JDBC driver: com.mysql.jdbc.Driver
2017-11-23 23:49:12.866  INFO 920 --- [main] s.w.s.m.m.a.RequestMappingHandlerMapping : Mapped "{[/account/types],methods=[GET]}" onto public org.springframework.http.ResponseEntity com.omnia.admin.controller.AccountController.getAccountTypes()
2017-11-23 23:49:12.872  INFO 920 --- [main] s.w.s.m.m.a.RequestMappingHandlerMapping : Mapped "{[/advertiser/update],methods=[PUT]}" onto public void com.omnia.admin.controller.AdvertiserController.update(javax.servlet.http.HttpServletRequest,java.util.List<com.omnia.admin.dto.AdvertiserDto>)
2017-11-23 23:49:12.874  INFO 920 --- [main] s.w.s.m.m.a.RequestMappingHandlerMapping : Mapped "{[/advertiser/names],methods=[GET]}" onto public java.util.List<java.lang.String> com.omnia.admin.controller.AdvertiserController.getAllAdvertisersName()
2017-11-23 23:49:12.875  INFO 920 --- [main] s.w.s.m.m.a.RequestMappingHandlerMapping : Mapped "{[/advertiser/all],methods=[GET]}" onto public java.util.List<com.omnia.admin.model.Advertiser> com.omnia.admin.controller.AdvertiserController.getAllAdvertisers()
2017-11-23 23:49:12.878  INFO 920 --- [main] s.w.s.m.m.a.RequestMappingHandlerMapping : Mapped "{[/advertiser/status/get],methods=[GET]}" onto public java.util.List<com.omnia.admin.model.AdvertiserStatus> com.omnia.admin.controller.AdvertiserStatusController.getStatusByAdvertiserId(long)
2017-11-23 23:49:12.880  INFO 920 --- [main] s.w.s.m.m.a.RequestMappingHandlerMapping : Mapped "{[/affiliates],methods=[POST]}" onto public void com.omnia.admin.controller.AffiliatesController.create(java.lang.Integer,java.lang.Integer)
2017-11-23 23:49:12.880  INFO 920 --- [main] s.w.s.m.m.a.RequestMappingHandlerMapping : Mapped "{[/affiliates],methods=[GET]}" onto public java.util.List<java.lang.Long> com.omnia.admin.controller.AffiliatesController.getAffiliatesIdsByBuyerId(java.lang.Long)
2017-11-23 23:49:12.882  INFO 920 --- [main] s.w.s.m.m.a.RequestMappingHandlerMapping : Mapped "{[/buyer/update],methods=[PUT]}" onto public void com.omnia.admin.controller.BuyerController.updateBuyers(java.util.List<com.omnia.admin.model.Buyer>)
2017-11-23 23:49:12.884  INFO 920 --- [main] s.w.s.m.m.a.RequestMappingHandlerMapping : Mapped "{[/buyer/names],methods=[GET]}" onto public java.util.List<java.lang.String> com.omnia.admin.controller.BuyerController.getBuyersName()
2017-11-23 23:49:12.884  INFO 920 --- [main] s.w.s.m.m.a.RequestMappingHandlerMapping : Mapped "{[/buyer/save],methods=[POST]}" onto public void com.omnia.admin.controller.BuyerController.saveBuyers(java.util.List<com.omnia.admin.model.Buyer>)
2017-11-23 23:49:12.885  INFO 920 --- [main] s.w.s.m.m.a.RequestMappingHandlerMapping : Mapped "{[/buyer],methods=[GET]}" onto public java.util.List<com.omnia.admin.model.Buyer> com.omnia.admin.controller.BuyerController.getBuyers()
2017-11-23 23:49:12.886  INFO 920 --- [main] s.w.s.m.m.a.RequestMappingHandlerMapping : Mapped "{[/buyer/kpi/grop],methods=[GET]}" onto public org.springframework.http.ResponseEntity com.omnia.admin.controller.BuyerKpiController.get()
2017-11-23 23:49:12.887  INFO 920 --- [main] s.w.s.m.m.a.RequestMappingHandlerMapping : Mapped "{[/buyer/kpi],methods=[POST]}" onto public org.springframework.http.ResponseEntity com.omnia.admin.controller.BuyerKpiController.save(java.util.List<com.omnia.admin.model.BuyerKpi>,int)
2017-11-23 23:49:12.887  INFO 920 --- [main] s.w.s.m.m.a.RequestMappingHandlerMapping : Mapped "{[/buyer/kpi],methods=[GET]}" onto public org.springframework.http.ResponseEntity com.omnia.admin.controller.BuyerKpiController.getByBuyerId(int)
2017-11-23 23:49:12.888  INFO 920 --- [main] s.w.s.m.m.a.RequestMappingHandlerMapping : Mapped "{[/buyer/plan],methods=[GET]}" onto public org.springframework.http.ResponseEntity com.omnia.admin.controller.BuyerPlanController.getPlan(java.util.List<java.lang.String>,java.util.List<java.lang.String>) throws java.util.concurrent.ExecutionException,java.lang.InterruptedException
2017-11-23 23:49:12.889  INFO 920 --- [main] s.w.s.m.m.a.RequestMappingHandlerMapping : Mapped "{[/catalogs/kpi],methods=[GET]}" onto public org.springframework.http.ResponseEntity com.omnia.admin.controller.CatalogKpiController.getCatalogKpi()
2017-11-23 23:49:12.890  INFO 920 --- [main] s.w.s.m.m.a.RequestMappingHandlerMapping : Mapped "{[/currency],methods=[GET]}" onto public org.springframework.http.ResponseEntity com.omnia.admin.controller.CurrencyController.getAllCurrency()
2017-11-23 23:49:12.891  INFO 920 --- [main] s.w.s.m.m.a.RequestMappingHandlerMapping : Mapped "{[/login],methods=[POST]}" onto public org.springframework.http.ResponseEntity com.omnia.admin.controller.LoginController.login(javax.servlet.http.HttpServletResponse,com.omnia.admin.dto.LoginDto)
2017-11-23 23:49:12.896  INFO 920 --- [main] s.w.s.m.m.a.RequestMappingHandlerMapping : Mapped "{[/payroll],methods=[PUT]}" onto public void com.omnia.admin.controller.PayrollController.update(com.omnia.admin.model.Payroll)
2017-11-23 23:49:12.896  INFO 920 --- [main] s.w.s.m.m.a.RequestMappingHandlerMapping : Mapped "{[/payroll],methods=[DELETE]}" onto public void com.omnia.admin.controller.PayrollController.delete(java.util.List<java.lang.Long>)
2017-11-23 23:49:12.897  INFO 920 --- [main] s.w.s.m.m.a.RequestMappingHandlerMapping : Mapped "{[/payroll/save],methods=[POST]}" onto public void com.omnia.admin.controller.PayrollController.save(java.util.List<com.omnia.admin.model.Payroll>)
2017-11-23 23:49:12.898  INFO 920 --- [main] s.w.s.m.m.a.RequestMappingHandlerMapping : Mapped "{[/payroll/description],methods=[GET]}" onto public java.util.List<java.lang.String> com.omnia.admin.controller.PayrollController.getPayrollDescription()
2017-11-23 23:49:12.898  INFO 920 --- [main] s.w.s.m.m.a.RequestMappingHandlerMapping : Mapped "{[/payroll],methods=[POST]}" onto public org.springframework.http.ResponseEntity com.omnia.admin.controller.PayrollController.getPayrolls(com.omnia.admin.grid.Page)
2017-11-23 23:49:12.899  INFO 920 --- [main] s.w.s.m.m.a.RequestMappingHandlerMapping : Mapped "{[/postback/fullurl],methods=[GET]}" onto public org.springframework.http.ResponseEntity com.omnia.admin.controller.PostbackController.getFullUrl(java.lang.Long)
2017-11-23 23:49:12.902  INFO 920 --- [main] s.w.s.m.m.a.RequestMappingHandlerMapping : Mapped "{[/report/stats],methods=[GET]}" onto public org.springframework.http.ResponseEntity com.omnia.admin.controller.ReportController.downloadStatsReport(java.lang.String,java.lang.String,java.lang.String,java.lang.String) throws java.io.IOException
2017-11-23 23:49:12.903  INFO 920 --- [main] s.w.s.m.m.a.RequestMappingHandlerMapping : Mapped "{[/statistic/daily],methods=[POST]}" onto public org.springframework.http.ResponseEntity com.omnia.admin.controller.SourceStatisticController.getDailyStatistic(com.omnia.admin.dto.StatisticFilter)
2017-11-23 23:49:12.904  INFO 920 --- [main] s.w.s.m.m.a.RequestMappingHandlerMapping : Mapped "{[/statistic/old],methods=[POST]}" onto public org.springframework.http.ResponseEntity com.omnia.admin.controller.SourceStatisticController.getStatistic(com.omnia.admin.dto.StatisticFilter)
2017-11-23 23:49:12.905  INFO 920 --- [main] s.w.s.m.m.a.RequestMappingHandlerMapping : Mapped "{[/statistic/all],methods=[POST]}" onto public org.springframework.http.ResponseEntity com.omnia.admin.controller.SourceStatisticController.getAllStatistic(com.omnia.admin.dto.StatisticFilter)
2017-11-23 23:49:12.906  INFO 920 --- [main] s.w.s.m.m.a.RequestMappingHandlerMapping : Mapped "{[/statistic],methods=[POST]}" onto public org.springframework.http.ResponseEntity com.omnia.admin.controller.StatisticController.getStatistic(com.omnia.admin.dto.StatisticFilter) throws java.util.concurrent.ExecutionException,java.lang.InterruptedException
2017-11-23 23:49:12.910  INFO 920 --- [main] s.w.s.m.m.a.RequestMappingHandlerMapping : Mapped "{[/user/me],methods=[GET]}" onto public org.springframework.http.ResponseEntity com.omnia.admin.controller.UserController.me(javax.servlet.http.HttpServletRequest)
2017-11-23 23:49:12.911  INFO 920 --- [main] s.w.s.m.m.a.RequestMappingHandlerMapping : Mapped "{[/grid/conversions/get],methods=[POST]}" onto public com.omnia.admin.grid.dto.conversion.ConversionList com.omnia.admin.grid.controller.ConversionGridController.getConversions(com.omnia.admin.grid.dto.conversion.ConversionGridFilterDetails)
2017-11-23 23:49:12.912  INFO 920 --- [main] s.w.s.m.m.a.RequestMappingHandlerMapping : Mapped "{[/grid/postback/get],methods=[POST]}" onto public com.omnia.admin.grid.dto.postback.PostbackList com.omnia.admin.grid.controller.PostbackGridController.getPostbackList(com.omnia.admin.grid.dto.postback.PostbackGridFilterDetails)
2017-11-23 23:49:12.914  INFO 920 --- [main] s.w.s.m.m.a.RequestMappingHandlerMapping : Mapped "{[/],methods=[GET]}" onto public java.lang.String com.omnia.admin.web.WebController.index()
2017-11-23 23:49:12.915  INFO 920 --- [main] s.w.s.m.m.a.RequestMappingHandlerMapping : Mapped "{[/advertiser],methods=[GET]}" onto public java.lang.String com.omnia.admin.web.WebController.advertiser()
2017-11-23 23:49:12.916  INFO 920 --- [main] s.w.s.m.m.a.RequestMappingHandlerMapping : Mapped "{[/login],methods=[GET]}" onto public java.lang.String com.omnia.admin.web.WebController.getLoginPage(org.springframework.ui.Model,java.lang.String)
2017-11-23 23:49:12.921  INFO 920 --- [main] s.w.s.m.m.a.RequestMappingHandlerMapping : Mapped "{[/swagger-resources]}" onto public org.springframework.http.ResponseEntity<java.util.List<springfox.documentation.swagger.web.SwaggerResource>> springfox.documentation.swagger.web.ApiResourceController.swaggerResources()
2017-11-23 23:49:12.922  INFO 920 --- [main] s.w.s.m.m.a.RequestMappingHandlerMapping : Mapped "{[/swagger-resources/configuration/ui]}" onto public org.springframework.http.ResponseEntity<springfox.documentation.swagger.web.UiConfiguration> springfox.documentation.swagger.web.ApiResourceController.uiConfiguration()
2017-11-23 23:49:12.923  INFO 920 --- [main] s.w.s.m.m.a.RequestMappingHandlerMapping : Mapped "{[/swagger-resources/configuration/security]}" onto public org.springframework.http.ResponseEntity<springfox.documentation.swagger.web.SecurityConfiguration> springfox.documentation.swagger.web.ApiResourceController.securityConfiguration()
2017-11-23 23:49:12.927  INFO 920 --- [main] s.w.s.m.m.a.RequestMappingHandlerMapping : Mapped "{[/error]}" onto public org.springframework.http.ResponseEntity<java.util.Map<java.lang.String, java.lang.Object>> org.springframework.boot.autoconfigure.web.BasicErrorController.error(javax.servlet.http.HttpServletRequest)
2017-11-23 23:49:12.927  INFO 920 --- [main] s.w.s.m.m.a.RequestMappingHandlerMapping : Mapped "{[/error],produces=[text/html]}" onto public org.springframework.web.servlet.ModelAndView org.springframework.boot.autoconfigure.web.BasicErrorController.errorHtml(javax.servlet.http.HttpServletRequest,javax.servlet.http.HttpServletResponse)
2017-11-23 23:49:13.434  INFO 920 --- [main] o.s.b.a.e.mvc.EndpointHandlerMapping     : Mapped "{[/env/{name:.*}],methods=[GET],produces=[application/vnd.spring-boot.actuator.v1+json || application/json]}" onto public java.lang.Object org.springframework.boot.actuate.endpoint.mvc.EnvironmentMvcEndpoint.value(java.lang.String)
2017-11-23 23:49:13.435  INFO 920 --- [main] o.s.b.a.e.mvc.EndpointHandlerMapping     : Mapped "{[/env || /env.json],methods=[GET],produces=[application/vnd.spring-boot.actuator.v1+json || application/json]}" onto public java.lang.Object org.springframework.boot.actuate.endpoint.mvc.EndpointMvcAdapter.invoke()
2017-11-23 23:49:13.435  INFO 920 --- [main] o.s.b.a.e.mvc.EndpointHandlerMapping     : Mapped "{[/info || /info.json],methods=[GET],produces=[application/vnd.spring-boot.actuator.v1+json || application/json]}" onto public java.lang.Object org.springframework.boot.actuate.endpoint.mvc.EndpointMvcAdapter.invoke()
2017-11-23 23:49:13.436  INFO 920 --- [main] o.s.b.a.e.mvc.EndpointHandlerMapping     : Mapped "{[/dump || /dump.json],methods=[GET],produces=[application/vnd.spring-boot.actuator.v1+json || application/json]}" onto public java.lang.Object org.springframework.boot.actuate.endpoint.mvc.EndpointMvcAdapter.invoke()
2017-11-23 23:49:13.437  INFO 920 --- [main] o.s.b.a.e.mvc.EndpointHandlerMapping     : Mapped "{[/heapdump || /heapdump.json],methods=[GET],produces=[application/octet-stream]}" onto public void org.springframework.boot.actuate.endpoint.mvc.HeapdumpMvcEndpoint.invoke(boolean,javax.servlet.http.HttpServletRequest,javax.servlet.http.HttpServletResponse) throws java.io.IOException,javax.servlet.ServletException
2017-11-23 23:49:13.439  INFO 920 --- [main] o.s.b.a.e.mvc.EndpointHandlerMapping     : Mapped "{[/loggers/{name:.*}],methods=[GET],produces=[application/vnd.spring-boot.actuator.v1+json || application/json]}" onto public java.lang.Object org.springframework.boot.actuate.endpoint.mvc.LoggersMvcEndpoint.get(java.lang.String)
2017-11-23 23:49:13.440  INFO 920 --- [main] o.s.b.a.e.mvc.EndpointHandlerMapping     : Mapped "{[/loggers/{name:.*}],methods=[POST],consumes=[application/vnd.spring-boot.actuator.v1+json || application/json],produces=[application/vnd.spring-boot.actuator.v1+json || application/json]}" onto public java.lang.Object org.springframework.boot.actuate.endpoint.mvc.LoggersMvcEndpoint.set(java.lang.String,java.util.Map<java.lang.String, java.lang.String>)
2017-11-23 23:49:13.440  INFO 920 --- [main] o.s.b.a.e.mvc.EndpointHandlerMapping     : Mapped "{[/loggers || /loggers.json],methods=[GET],produces=[application/vnd.spring-boot.actuator.v1+json || application/json]}" onto public java.lang.Object org.springframework.boot.actuate.endpoint.mvc.EndpointMvcAdapter.invoke()
2017-11-23 23:49:13.441  INFO 920 --- [main] o.s.b.a.e.mvc.EndpointHandlerMapping     : Mapped "{[/trace || /trace.json],methods=[GET],produces=[application/vnd.spring-boot.actuator.v1+json || application/json]}" onto public java.lang.Object org.springframework.boot.actuate.endpoint.mvc.EndpointMvcAdapter.invoke()
2017-11-23 23:49:13.441  INFO 920 --- [main] o.s.b.a.e.mvc.EndpointHandlerMapping     : Mapped "{[/metrics/{name:.*}],methods=[GET],produces=[application/vnd.spring-boot.actuator.v1+json || application/json]}" onto public java.lang.Object org.springframework.boot.actuate.endpoint.mvc.MetricsMvcEndpoint.value(java.lang.String)
2017-11-23 23:49:13.442  INFO 920 --- [main] o.s.b.a.e.mvc.EndpointHandlerMapping     : Mapped "{[/metrics || /metrics.json],methods=[GET],produces=[application/vnd.spring-boot.actuator.v1+json || application/json]}" onto public java.lang.Object org.springframework.boot.actuate.endpoint.mvc.EndpointMvcAdapter.invoke()
2017-11-23 23:49:13.443  INFO 920 --- [main] o.s.b.a.e.mvc.EndpointHandlerMapping     : Mapped "{[/mappings || /mappings.json],methods=[GET],produces=[application/vnd.spring-boot.actuator.v1+json || application/json]}" onto public java.lang.Object org.springframework.boot.actuate.endpoint.mvc.EndpointMvcAdapter.invoke()
2017-11-23 23:49:13.443  INFO 920 --- [main] o.s.b.a.e.mvc.EndpointHandlerMapping     : Mapped "{[/beans || /beans.json],methods=[GET],produces=[application/vnd.spring-boot.actuator.v1+json || application/json]}" onto public java.lang.Object org.springframework.boot.actuate.endpoint.mvc.EndpointMvcAdapter.invoke()
2017-11-23 23:49:13.444  INFO 920 --- [main] o.s.b.a.e.mvc.EndpointHandlerMapping     : Mapped "{[/autoconfig || /autoconfig.json],methods=[GET],produces=[application/vnd.spring-boot.actuator.v1+json || application/json]}" onto public java.lang.Object org.springframework.boot.actuate.endpoint.mvc.EndpointMvcAdapter.invoke()
2017-11-23 23:49:13.444  INFO 920 --- [main] o.s.b.a.e.mvc.EndpointHandlerMapping     : Mapped "{[/configprops || /configprops.json],methods=[GET],produces=[application/vnd.spring-boot.actuator.v1+json || application/json]}" onto public java.lang.Object org.springframework.boot.actuate.endpoint.mvc.EndpointMvcAdapter.invoke()
2017-11-23 23:49:13.445  INFO 920 --- [main] o.s.b.a.e.mvc.EndpointHandlerMapping     : Mapped "{[/logfile || /logfile.json],methods=[GET || HEAD]}" onto public void org.springframework.boot.actuate.endpoint.mvc.LogFileMvcEndpoint.invoke(javax.servlet.http.HttpServletRequest,javax.servlet.http.HttpServletResponse) throws javax.servlet.ServletException,java.io.IOException
2017-11-23 23:49:13.447  INFO 920 --- [main] o.s.b.a.e.mvc.EndpointHandlerMapping     : Mapped "{[/auditevents || /auditevents.json],methods=[GET],produces=[application/vnd.spring-boot.actuator.v1+json || application/json]}" onto public org.springframework.http.ResponseEntity<?> org.springframework.boot.actuate.endpoint.mvc.AuditEventsMvcEndpoint.findByPrincipalAndAfterAndType(java.lang.String,java.util.Date,java.lang.String)
2017-11-23 23:49:13.448  INFO 920 --- [main] o.s.b.a.e.mvc.EndpointHandlerMapping     : Mapped "{[/health || /health.json],methods=[GET],produces=[application/vnd.spring-boot.actuator.v1+json || application/json]}" onto public java.lang.Object org.springframework.boot.actuate.endpoint.mvc.HealthMvcEndpoint.invoke(javax.servlet.http.HttpServletRequest,java.security.Principal)
2017-11-23 23:49:13.775  INFO 920 --- [main] pertySourcedRequestMappingHandlerMapping : Mapped URL path [/v2/api-docs] onto method [public org.springframework.http.ResponseEntity<springfox.documentation.spring.web.json.Json> springfox.documentation.swagger2.web.Swagger2Controller.getDocumentation(java.lang.String,javax.servlet.http.HttpServletRequest)]
2017-11-23 23:49:14.365  INFO 920 --- [main] s.w.s.m.m.a.RequestMappingHandlerAdapter : Looking for @ControllerAdvice: org.springframework.boot.context.embedded.AnnotationConfigEmbeddedWebApplicationContext@42b3b079: startup date [Thu Nov 23 23:49:07 EET 2017]; root of context hierarchy
2017-11-23 23:49:14.530  INFO 920 --- [main] o.s.w.s.handler.SimpleUrlHandlerMapping  : Mapped URL path [/webjars/**] onto handler of type [class org.springframework.web.servlet.resource.ResourceHttpRequestHandler]
2017-11-23 23:49:14.530  INFO 920 --- [main] o.s.w.s.handler.SimpleUrlHandlerMapping  : Mapped URL path [/**] onto handler of type [class org.springframework.web.servlet.resource.ResourceHttpRequestHandler]
2017-11-23 23:49:14.652  INFO 920 --- [main] o.s.w.s.handler.SimpleUrlHandlerMapping  : Mapped URL path [/**/favicon.ico] onto handler of type [class org.springframework.web.servlet.resource.ResourceHttpRequestHandler]
2017-11-23 23:49:15.776  INFO 920 --- [main] o.s.s.web.DefaultSecurityFilterChain     : Creating filter chain: OrRequestMatcher [requestMatchers=[Ant [pattern='/css/**'], Ant [pattern='/js/**'], Ant [pattern='/images/**'], Ant [pattern='/webjars/**'], Ant [pattern='/**/favicon.ico'], Ant [pattern='/error']]], []
2017-11-23 23:49:15.776  INFO 920 --- [main] o.s.s.web.DefaultSecurityFilterChain     : Creating filter chain: org.springframework.boot.actuate.autoconfigure.ManagementWebSecurityAutoConfiguration$LazyEndpointPathRequestMatcher@2bfc8558, []
2017-11-23 23:49:15.942  INFO 920 --- [main] o.s.s.web.DefaultSecurityFilterChain     : Creating filter chain: org.springframework.security.web.util.matcher.AnyRequestMatcher@1, [org.springframework.security.web.context.request.async.WebAsyncManagerIntegrationFilter@5d6b42cf, org.springframework.security.web.context.SecurityContextPersistenceFilter@1201e064, org.springframework.security.web.header.HeaderWriterFilter@606b53a3, org.springframework.security.web.authentication.logout.LogoutFilter@3d6778d5, org.springframework.security.web.authentication.UsernamePasswordAuthenticationFilter@31006a75, org.springframework.security.web.savedrequest.RequestCacheAwareFilter@5a8dcfbb, org.springframework.security.web.servletapi.SecurityContextHolderAwareRequestFilter@71039ce1, org.springframework.security.web.authentication.rememberme.RememberMeAuthenticationFilter@e97f115, org.springframework.security.web.authentication.AnonymousAuthenticationFilter@6f8ac8d5, org.springframework.security.web.session.SessionManagementFilter@37bda983, org.springframework.security.web.access.ExceptionTranslationFilter@1d55dd21, org.springframework.security.web.access.intercept.FilterSecurityInterceptor@4a833595]
2017-11-23 23:49:15.969  INFO 920 --- [main] o.s.s.web.DefaultSecurityFilterChain     : Creating filter chain: OrRequestMatcher [requestMatchers=[Ant [pattern='/**']]], [org.springframework.security.web.context.request.async.WebAsyncManagerIntegrationFilter@45c423b3, org.springframework.security.web.context.SecurityContextPersistenceFilter@69d2e517, org.springframework.security.web.header.HeaderWriterFilter@1de73d37, org.springframework.security.web.authentication.logout.LogoutFilter@4de91056, org.springframework.security.web.authentication.www.BasicAuthenticationFilter@16cf7fd0, org.springframework.security.web.savedrequest.RequestCacheAwareFilter@1f9a7684, org.springframework.security.web.servletapi.SecurityContextHolderAwareRequestFilter@3b30eec5, org.springframework.security.web.authentication.AnonymousAuthenticationFilter@7e31d53b, org.springframework.security.web.session.SessionManagementFilter@31693a86, org.springframework.security.web.access.ExceptionTranslationFilter@25fa6889, org.springframework.security.web.access.intercept.FilterSecurityInterceptor@b70fa38]
2017-11-23 23:49:16.720  INFO 920 --- [main] o.s.j.e.a.AnnotationMBeanExporter        : Registering beans for JMX exposure on startup
2017-11-23 23:49:16.748  INFO 920 --- [main] o.s.c.support.DefaultLifecycleProcessor  : Starting beans in phase 0
2017-11-23 23:49:16.836  INFO 920 --- [main] o.s.c.support.DefaultLifecycleProcessor  : Starting beans in phase 2147483647
2017-11-23 23:49:16.836  INFO 920 --- [main] d.s.w.p.DocumentationPluginsBootstrapper : Context refreshed
2017-11-23 23:49:16.860  INFO 920 --- [main] d.s.w.p.DocumentationPluginsBootstrapper : Found 1 custom documentation plugin(s)
2017-11-23 23:49:16.965  INFO 920 --- [main] s.d.s.w.s.ApiListingReferenceScanner     : Scanning for api listing references
2017-11-23 23:49:17.266  INFO 920 --- [main] .d.s.w.r.o.CachingOperationNameGenerator : Generating unique operation named: findByPrincipalAndAfterAndTypeUsingGET_1
2017-11-23 23:49:17.521  INFO 920 --- [main] .d.s.w.r.o.CachingOperationNameGenerator : Generating unique operation named: invokeUsingGET_1
2017-11-23 23:49:17.524  INFO 920 --- [main] .d.s.w.r.o.CachingOperationNameGenerator : Generating unique operation named: invokeUsingGET_2
2017-11-23 23:49:17.528  INFO 920 --- [main] .d.s.w.r.o.CachingOperationNameGenerator : Generating unique operation named: invokeUsingGET_3
2017-11-23 23:49:17.532  INFO 920 --- [main] .d.s.w.r.o.CachingOperationNameGenerator : Generating unique operation named: invokeUsingGET_4
2017-11-23 23:49:17.534  INFO 920 --- [main] .d.s.w.r.o.CachingOperationNameGenerator : Generating unique operation named: invokeUsingGET_5
2017-11-23 23:49:17.539  INFO 920 --- [main] .d.s.w.r.o.CachingOperationNameGenerator : Generating unique operation named: invokeUsingGET_6
2017-11-23 23:49:17.544  INFO 920 --- [main] .d.s.w.r.o.CachingOperationNameGenerator : Generating unique operation named: invokeUsingGET_7
2017-11-23 23:49:17.548  INFO 920 --- [main] .d.s.w.r.o.CachingOperationNameGenerator : Generating unique operation named: invokeUsingGET_8
2017-11-23 23:49:17.551  INFO 920 --- [main] .d.s.w.r.o.CachingOperationNameGenerator : Generating unique operation named: invokeUsingGET_9
2017-11-23 23:49:17.554  INFO 920 --- [main] .d.s.w.r.o.CachingOperationNameGenerator : Generating unique operation named: invokeUsingGET_10
2017-11-23 23:49:17.557  INFO 920 --- [main] .d.s.w.r.o.CachingOperationNameGenerator : Generating unique operation named: invokeUsingGET_11
2017-11-23 23:49:17.561  INFO 920 --- [main] .d.s.w.r.o.CachingOperationNameGenerator : Generating unique operation named: invokeUsingGET_12
2017-11-23 23:49:17.566  INFO 920 --- [main] .d.s.w.r.o.CachingOperationNameGenerator : Generating unique operation named: invokeUsingGET_13
2017-11-23 23:49:17.570  INFO 920 --- [main] .d.s.w.r.o.CachingOperationNameGenerator : Generating unique operation named: invokeUsingGET_14
2017-11-23 23:49:17.576  INFO 920 --- [main] .d.s.w.r.o.CachingOperationNameGenerator : Generating unique operation named: invokeUsingGET_15
2017-11-23 23:49:17.598  INFO 920 --- [main] .d.s.w.r.o.CachingOperationNameGenerator : Generating unique operation named: invokeUsingGET_16
2017-11-23 23:49:17.604  INFO 920 --- [main] .d.s.w.r.o.CachingOperationNameGenerator : Generating unique operation named: invokeUsingGET_17
2017-11-23 23:49:17.616  INFO 920 --- [main] .d.s.w.r.o.CachingOperationNameGenerator : Generating unique operation named: invokeUsingGET_18
2017-11-23 23:49:17.623  INFO 920 --- [main] .d.s.w.r.o.CachingOperationNameGenerator : Generating unique operation named: invokeUsingGET_19
2017-11-23 23:49:17.635  INFO 920 --- [main] .d.s.w.r.o.CachingOperationNameGenerator : Generating unique operation named: invokeUsingGET_20
2017-11-23 23:49:17.649  INFO 920 --- [main] .d.s.w.r.o.CachingOperationNameGenerator : Generating unique operation named: invokeUsingGET_21
2017-11-23 23:49:17.657  INFO 920 --- [main] .d.s.w.r.o.CachingOperationNameGenerator : Generating unique operation named: invokeUsingHEAD_1
2017-11-23 23:49:17.669  INFO 920 --- [main] .d.s.w.r.o.CachingOperationNameGenerator : Generating unique operation named: getUsingGET_1
2017-11-23 23:49:17.675  INFO 920 --- [main] .d.s.w.r.o.CachingOperationNameGenerator : Generating unique operation named: invokeUsingGET_22
2017-11-23 23:49:17.682  INFO 920 --- [main] .d.s.w.r.o.CachingOperationNameGenerator : Generating unique operation named: invokeUsingGET_23
2017-11-23 23:49:17.702  INFO 920 --- [main] .d.s.w.r.o.CachingOperationNameGenerator : Generating unique operation named: invokeUsingGET_24
2017-11-23 23:49:17.705  INFO 920 --- [main] .d.s.w.r.o.CachingOperationNameGenerator : Generating unique operation named: invokeUsingGET_25
2017-11-23 23:49:17.713  INFO 920 --- [main] .d.s.w.r.o.CachingOperationNameGenerator : Generating unique operation named: valueUsingGET_1
2017-11-23 23:49:17.750  INFO 920 --- [main] .d.s.w.r.o.CachingOperationNameGenerator : Generating unique operation named: saveUsingPOST_1
2017-11-23 23:49:17.763  INFO 920 --- [main] .d.s.w.r.o.CachingOperationNameGenerator : Generating unique operation named: updateUsingPUT_1
2017-11-23 23:49:17.832  INFO 920 --- [main] .d.s.w.r.o.CachingOperationNameGenerator : Generating unique operation named: getStatisticUsingPOST_1
2017-11-23 23:49:17.930  INFO 920 --- [main] s.b.c.e.t.TomcatEmbeddedServletContainer : Tomcat started on port(s): 8080 (http)
2017-11-23 23:49:17.938  INFO 920 --- [main] com.omnia.admin.AdminApplication         : Started AdminApplication in 11.769 seconds (JVM running for 13.192)
2017-11-24 01:23:37.876  INFO 3468 --- [main] com.omnia.admin.AdminApplication         : Starting AdminApplication on DESKTOP-N108KCD with PID 3468 (C:\Idea\admin-panel\target\classes started by Bohdan in C:\Idea\admin-panel)
2017-11-24 01:23:37.882  INFO 3468 --- [main] com.omnia.admin.AdminApplication         : No active profile set, falling back to default profiles: default
2017-11-24 01:23:38.348  INFO 3468 --- [main] ationConfigEmbeddedWebApplicationContext : Refreshing org.springframework.boot.context.embedded.AnnotationConfigEmbeddedWebApplicationContext@42b3b079: startup date [Fri Nov 24 01:23:38 EET 2017]; root of context hierarchy
2017-11-24 01:23:40.716  INFO 3468 --- [main] trationDelegate$BeanPostProcessorChecker : Bean 'org.springframework.transaction.annotation.ProxyTransactionManagementConfiguration' of type [org.springframework.transaction.annotation.ProxyTransactionManagementConfiguration$$EnhancerBySpringCGLIB$$366f14a0] is not eligible for getting processed by all BeanPostProcessors (for example: not eligible for auto-proxying)
2017-11-24 01:23:40.792  INFO 3468 --- [main] trationDelegate$BeanPostProcessorChecker : Bean 'org.springframework.security.config.annotation.configuration.ObjectPostProcessorConfiguration' of type [org.springframework.security.config.annotation.configuration.ObjectPostProcessorConfiguration$$EnhancerBySpringCGLIB$$cf1cdcda] is not eligible for getting processed by all BeanPostProcessors (for example: not eligible for auto-proxying)
2017-11-24 01:23:40.803  INFO 3468 --- [main] trationDelegate$BeanPostProcessorChecker : Bean 'objectPostProcessor' of type [org.springframework.security.config.annotation.configuration.AutowireBeanFactoryObjectPostProcessor] is not eligible for getting processed by all BeanPostProcessors (for example: not eligible for auto-proxying)
2017-11-24 01:23:40.805  INFO 3468 --- [main] trationDelegate$BeanPostProcessorChecker : Bean 'org.springframework.security.access.expression.method.DefaultMethodSecurityExpressionHandler@999b951' of type [org.springframework.security.access.expression.method.DefaultMethodSecurityExpressionHandler] is not eligible for getting processed by all BeanPostProcessors (for example: not eligible for auto-proxying)
2017-11-24 01:23:40.816  INFO 3468 --- [main] trationDelegate$BeanPostProcessorChecker : Bean 'org.springframework.security.config.annotation.method.configuration.GlobalMethodSecurityConfiguration' of type [org.springframework.security.config.annotation.method.configuration.GlobalMethodSecurityConfiguration$$EnhancerBySpringCGLIB$$f3f17f8c] is not eligible for getting processed by all BeanPostProcessors (for example: not eligible for auto-proxying)
2017-11-24 01:23:40.830  INFO 3468 --- [main] trationDelegate$BeanPostProcessorChecker : Bean 'methodSecurityMetadataSource' of type [org.springframework.security.access.method.DelegatingMethodSecurityMetadataSource] is not eligible for getting processed by all BeanPostProcessors (for example: not eligible for auto-proxying)
2017-11-24 01:23:41.324  INFO 3468 --- [main] s.b.c.e.t.TomcatEmbeddedServletContainer : Tomcat initialized with port(s): 8080 (http)
2017-11-24 01:23:41.336  INFO 3468 --- [main] o.apache.catalina.core.StandardService   : Starting service [Tomcat]
